Compiling the CUDA compiler identification source file "CMakeCUDACompilerId.cu" failed.
Compiler: CMAKE_CUDA_COMPILER-NOTFOUND 
Build flags: 
Id flags:  -v;--keep;--keep-dir;tmp

The output was:
No such file or directory


Compiling the CUDA compiler identification source file "CMakeCUDACompilerId.cu" failed.
Compiler: CMAKE_CUDA_COMPILER-NOTFOUND 
Build flags: 
Id flags:  -v;--keep;--keep-dir;tmp

The output was:
No such file or directory


Compiling the CUDA compiler identification source file "CMakeCUDACompilerId.cu" failed.
Compiler: CMAKE_CUDA_COMPILER-NOTFOUND 
Build flags: 
Id flags:  -v;--keep;--keep-dir;tmp

The output was:
No such file or directory


Compiling the CUDA compiler identification source file "CMakeCUDACompilerId.cu" failed.
Compiler: CMAKE_CUDA_COMPILER-NOTFOUND 
Build flags: 
Id flags:  -v;--keep;--keep-dir;tmp

The output was:
No such file or directory


Determining if the pthread_create exist failed with the following output:
Change Dir: /home/saem/programs/CLionProjects/edgedetector/cmake-build-debug/CMakeFiles/CMakeTmp

Run Build Command(s):/usr/bin/make cmTC_9b95c/fast 
/usr/bin/make -f CMakeFiles/cmTC_9b95c.dir/build.make CMakeFiles/cmTC_9b95c.dir/build
make[1]: Entering directory '/home/saem/programs/CLionProjects/edgedetector/cmake-build-debug/CMakeFiles/CMakeTmp'
Building CXX object CMakeFiles/cmTC_9b95c.dir/CheckSymbolExists.cxx.o
/usr/bin/c++    -std=gnu++14 -o CMakeFiles/cmTC_9b95c.dir/CheckSymbolExists.cxx.o -c /home/saem/programs/CLionProjects/edgedetector/cmake-build-debug/CMakeFiles/CMakeTmp/CheckSymbolExists.cxx
Linking CXX executable cmTC_9b95c
/snap/clion/83/bin/cmake/linux/bin/cmake -E cmake_link_script CMakeFiles/cmTC_9b95c.dir/link.txt --verbose=1
/usr/bin/c++       CMakeFiles/cmTC_9b95c.dir/CheckSymbolExists.cxx.o  -o cmTC_9b95c 
CMakeFiles/cmTC_9b95c.dir/CheckSymbolExists.cxx.o: In function `main':
CheckSymbolExists.cxx:(.text+0x1b): undefined reference to `pthread_create'
collect2: error: ld returned 1 exit status
CMakeFiles/cmTC_9b95c.dir/build.make:86: recipe for target 'cmTC_9b95c' failed
make[1]: *** [cmTC_9b95c] Error 1
make[1]: Leaving directory '/home/saem/programs/CLionProjects/edgedetector/cmake-build-debug/CMakeFiles/CMakeTmp'
Makefile:121: recipe for target 'cmTC_9b95c/fast' failed
make: *** [cmTC_9b95c/fast] Error 2

File /home/saem/programs/CLionProjects/edgedetector/cmake-build-debug/CMakeFiles/CMakeTmp/CheckSymbolExists.cxx:
/* */
#include <pthread.h>

int main(int argc, char** argv)
{
  (void)argv;
#ifndef pthread_create
  return ((int*)(&pthread_create))[argc];
#else
  (void)argc;
  return 0;
#endif
}

Determining if the function pthread_create exists in the pthreads failed with the following output:
Change Dir: /home/saem/programs/CLionProjects/edgedetector/cmake-build-debug/CMakeFiles/CMakeTmp

Run Build Command(s):/usr/bin/make cmTC_bd171/fast 
/usr/bin/make -f CMakeFiles/cmTC_bd171.dir/build.make CMakeFiles/cmTC_bd171.dir/build
make[1]: Entering directory '/home/saem/programs/CLionProjects/edgedetector/cmake-build-debug/CMakeFiles/CMakeTmp'
Building CXX object CMakeFiles/cmTC_bd171.dir/CheckFunctionExists.cxx.o
/usr/bin/c++    -DCHECK_FUNCTION_EXISTS=pthread_create   -std=gnu++14 -o CMakeFiles/cmTC_bd171.dir/CheckFunctionExists.cxx.o -c /home/saem/programs/CLionProjects/edgedetector/cmake-build-debug/CMakeFiles/CheckLibraryExists/CheckFunctionExists.cxx
Linking CXX executable cmTC_bd171
/snap/clion/83/bin/cmake/linux/bin/cmake -E cmake_link_script CMakeFiles/cmTC_bd171.dir/link.txt --verbose=1
/usr/bin/c++   -DCHECK_FUNCTION_EXISTS=pthread_create    CMakeFiles/cmTC_bd171.dir/CheckFunctionExists.cxx.o  -o cmTC_bd171 -lpthreads 
/usr/bin/ld: cannot find -lpthreads
collect2: error: ld returned 1 exit status
CMakeFiles/cmTC_bd171.dir/build.make:86: recipe for target 'cmTC_bd171' failed
make[1]: *** [cmTC_bd171] Error 1
make[1]: Leaving directory '/home/saem/programs/CLionProjects/edgedetector/cmake-build-debug/CMakeFiles/CMakeTmp'
Makefile:121: recipe for target 'cmTC_bd171/fast' failed
make: *** [cmTC_bd171/fast] Error 2


